[2023-02-26 17:35:17] [INFO] Running: YoungestOneOff(0, 0.000) 
[2023-02-26 17:35:50] [INFO] ... Total Infected = 97.79% 
[2023-02-26 17:35:50] [INFO] ... Total Hospitalised = 45.85% 
[2023-02-26 17:35:50] [INFO] ... Total Dead = 36.68% 
[2023-02-26 17:35:50] [INFO] ... Completed 
[2023-02-26 17:35:50] [INFO] Running: YoungestOneOff(0, 0.050) 
[2023-02-26 17:36:22] [INFO] ... Total Infected = 90.19% 
[2023-02-26 17:36:22] [INFO] ... Total Hospitalised = 43.27% 
[2023-02-26 17:36:22] [INFO] ... Total Dead = 35.27% 
[2023-02-26 17:36:22] [INFO] ... Completed 
[2023-02-26 17:36:22] [INFO] Running: YoungestOneOff(0, 0.100) 
[2023-02-26 17:36:53] [INFO] ... Total Infected = 86.73% 
[2023-02-26 17:36:53] [INFO] ... Total Hospitalised = 42.62% 
[2023-02-26 17:36:53] [INFO] ... Total Dead = 35.35% 
[2023-02-26 17:36:53] [INFO] ... Completed 
[2023-02-26 17:36:53] [INFO] Running: YoungestOneOff(0, 0.150) 
[2023-02-26 17:37:25] [INFO] ... Total Infected = 81.49% 
[2023-02-26 17:37:25] [INFO] ... Total Hospitalised = 41.69% 
[2023-02-26 17:37:25] [INFO] ... Total Dead = 35.01% 
[2023-02-26 17:37:25] [INFO] ... Completed 
[2023-02-26 17:37:25] [INFO] Running: YoungestOneOff(0, 0.200) 
[2023-02-26 17:37:56] [INFO] ... Total Infected = 73.37% 
[2023-02-26 17:37:56] [INFO] ... Total Hospitalised = 39.44% 
[2023-02-26 17:37:56] [INFO] ... Total Dead = 33.38% 
[2023-02-26 17:37:56] [INFO] ... Completed 
[2023-02-26 17:37:56] [INFO] Running: YoungestOneOff(0, 0.250) 
[2023-02-26 17:38:28] [INFO] ... Total Infected = 66.64% 
[2023-02-26 17:38:28] [INFO] ... Total Hospitalised = 37.61% 
[2023-02-26 17:38:28] [INFO] ... Total Dead = 32.16% 
[2023-02-26 17:38:28] [INFO] ... Completed 
[2023-02-26 17:38:28] [INFO] Running: YoungestOneOff(0, 0.300) 
[2023-02-26 17:38:59] [INFO] ... Total Infected = 54.69% 
[2023-02-26 17:38:59] [INFO] ... Total Hospitalised = 32.27% 
[2023-02-26 17:38:59] [INFO] ... Total Dead = 27.93% 
[2023-02-26 17:38:59] [INFO] ... Completed 
[2023-02-26 17:38:59] [INFO] Running: YoungestOneOff(0, 0.350) 
[2023-02-26 17:39:30] [INFO] ... Total Infected = 33.43% 
[2023-02-26 17:39:30] [INFO] ... Total Hospitalised = 20.43% 
[2023-02-26 17:39:30] [INFO] ... Total Dead = 17.90% 
[2023-02-26 17:39:30] [INFO] ... Completed 
[2023-02-26 17:39:30] [INFO] Running: YoungestOneOff(0, 0.400) 
[2023-02-26 17:40:01] [INFO] ... Total Infected = 5.30% 
[2023-02-26 17:40:01] [INFO] ... Total Hospitalised = 3.18% 
[2023-02-26 17:40:01] [INFO] ... Total Dead = 2.79% 
[2023-02-26 17:40:01] [INFO] ... Completed 
[2023-02-26 17:40:01] [INFO] Running: YoungestOneOff(0, 0.450) 
[2023-02-26 17:40:32] [INFO] ... Total Infected = 0.18% 
[2023-02-26 17:40:32] [INFO] ... Total Hospitalised = 0.12% 
[2023-02-26 17:40:32] [INFO] ... Total Dead = 0.11% 
[2023-02-26 17:40:32] [INFO] ... Completed 
[2023-02-26 17:40:32] [INFO] Running: YoungestOneOff(0, 0.500) 
[2023-02-26 17:41:03] [INFO] ... Total Infected = 0.09% 
[2023-02-26 17:41:03] [INFO] ... Total Hospitalised = 0.06% 
[2023-02-26 17:41:03] [INFO] ... Total Dead = 0.06% 
[2023-02-26 17:41:03] [INFO] ... Completed 
[2023-02-26 17:41:03] [INFO] Running: YoungestOneOff(0, 0.550) 
[2023-02-26 17:41:35] [INFO] ... Total Infected = 0.06% 
[2023-02-26 17:41:35] [INFO] ... Total Hospitalised = 0.04% 
[2023-02-26 17:41:35] [INFO] ... Total Dead = 0.04% 
[2023-02-26 17:41:35] [INFO] ... Completed 
[2023-02-26 17:41:35] [INFO] Running: YoungestOneOff(0, 0.600) 
[2023-02-26 17:42:06] [INFO] ... Total Infected = 0.04% 
[2023-02-26 17:42:06] [INFO] ... Total Hospitalised = 0.03% 
[2023-02-26 17:42:06] [INFO] ... Total Dead = 0.03% 
[2023-02-26 17:42:06] [INFO] ... Completed 
[2023-02-26 17:42:06] [INFO] Running: YoungestOneOff(0, 0.650) 
[2023-02-26 17:42:38] [INFO] ... Total Infected = 0.04% 
[2023-02-26 17:42:38] [INFO] ... Total Hospitalised = 0.03% 
[2023-02-26 17:42:38] [INFO] ... Total Dead = 0.03% 
[2023-02-26 17:42:38] [INFO] ... Completed 
[2023-02-26 17:42:38] [INFO] Running: YoungestOneOff(0, 0.700) 
[2023-02-26 17:43:08] [INFO] ... Total Infected = 0.04% 
[2023-02-26 17:43:08] [INFO] ... Total Hospitalised = 0.03% 
[2023-02-26 17:43:08] [INFO] ... Total Dead = 0.02% 
[2023-02-26 17:43:08] [INFO] ... Completed 
[2023-02-26 17:43:08] [INFO] Running: YoungestOneOff(0, 0.750) 
[2023-02-26 17:43:40] [INFO] ... Total Infected = 0.03% 
[2023-02-26 17:43:40] [INFO] ... Total Hospitalised = 0.03% 
[2023-02-26 17:43:40] [INFO] ... Total Dead = 0.02% 
[2023-02-26 17:43:40] [INFO] ... Completed 
[2023-02-26 17:43:40] [INFO] Running: YoungestOneOff(0, 0.800) 
[2023-02-26 17:44:12] [INFO] ... Total Infected = 0.03% 
[2023-02-26 17:44:12] [INFO] ... Total Hospitalised = 0.03% 
[2023-02-26 17:44:12] [INFO] ... Total Dead = 0.02% 
[2023-02-26 17:44:12] [INFO] ... Completed 
[2023-02-26 17:44:12] [INFO] Running: YoungestOneOff(0, 0.850) 
[2023-02-26 17:44:43] [INFO] ... Total Infected = 0.03% 
[2023-02-26 17:44:43] [INFO] ... Total Hospitalised = 0.02% 
[2023-02-26 17:44:43] [INFO] ... Total Dead = 0.02% 
[2023-02-26 17:44:43] [INFO] ... Completed 
[2023-02-26 17:44:43] [INFO] Running: YoungestOneOff(0, 0.900) 
[2023-02-26 17:45:13] [INFO] ... Total Infected = 0.03% 
[2023-02-26 17:45:13] [INFO] ... Total Hospitalised = 0.03% 
[2023-02-26 17:45:13] [INFO] ... Total Dead = 0.02% 
[2023-02-26 17:45:13] [INFO] ... Completed 
[2023-02-26 17:45:13] [INFO] Running: YoungestOneOff(0, 0.950) 
[2023-02-26 17:45:44] [INFO] ... Total Infected = 0.03% 
[2023-02-26 17:45:44] [INFO] ... Total Hospitalised = 0.03% 
[2023-02-26 17:45:44] [INFO] ... Total Dead = 0.03% 
[2023-02-26 17:45:44] [INFO] ... Completed 
[2023-02-26 17:45:44] [INFO] Running: YoungestOneOff(0, 1.000) 
[2023-02-26 17:46:14] [INFO] ... Total Infected = 0.00% 
[2023-02-26 17:46:14] [INFO] ... Total Hospitalised = 0.00% 
[2023-02-26 17:46:14] [INFO] ... Total Dead = 0.00% 
[2023-02-26 17:46:14] [INFO] ... Completed 
