[2023-02-16 20:42:33] [INFO] Running: oneoff_(0, 0.75) 
[2023-02-16 20:42:57] [INFO] ... Total Infected = 9.79% 
[2023-02-16 20:42:57] [INFO] ... Total Hospitalised = 4.71% 
[2023-02-16 20:42:57] [INFO] ... Total Dead = 3.67% 
[2023-02-16 20:42:57] [INFO] ... Completed 
[2023-02-16 20:42:57] [INFO] Running: oneoff_(5, 0.75) 
[2023-02-16 20:43:23] [INFO] ... Total Infected = 14.02% 
[2023-02-16 20:43:23] [INFO] ... Total Hospitalised = 6.69% 
[2023-02-16 20:43:23] [INFO] ... Total Dead = 5.22% 
[2023-02-16 20:43:23] [INFO] ... Completed 
[2023-02-16 20:43:23] [INFO] Running: oneoff_(10, 0.75) 
[2023-02-16 20:43:46] [INFO] ... Total Infected = 19.07% 
[2023-02-16 20:43:46] [INFO] ... Total Hospitalised = 9.13% 
[2023-02-16 20:43:46] [INFO] ... Total Dead = 7.13% 
[2023-02-16 20:43:46] [INFO] ... Completed 
[2023-02-16 20:43:46] [INFO] Running: oneoff_(15, 0.75) 
[2023-02-16 20:44:10] [INFO] ... Total Infected = 25.32% 
[2023-02-16 20:44:10] [INFO] ... Total Hospitalised = 12.07% 
[2023-02-16 20:44:10] [INFO] ... Total Dead = 9.43% 
[2023-02-16 20:44:10] [INFO] ... Completed 
[2023-02-16 20:44:10] [INFO] Running: oneoff_(20, 0.75) 
[2023-02-16 20:44:33] [INFO] ... Total Infected = 34.62% 
[2023-02-16 20:44:33] [INFO] ... Total Hospitalised = 16.44% 
[2023-02-16 20:44:33] [INFO] ... Total Dead = 12.89% 
[2023-02-16 20:44:33] [INFO] ... Completed 
[2023-02-16 20:44:33] [INFO] Running: oneoff_(25, 0.75) 
[2023-02-16 20:44:59] [INFO] ... Total Infected = 48.33% 
[2023-02-16 20:44:59] [INFO] ... Total Hospitalised = 22.93% 
[2023-02-16 20:44:59] [INFO] ... Total Dead = 18.06% 
[2023-02-16 20:44:59] [INFO] ... Completed 
[2023-02-16 20:44:59] [INFO] Running: oneoff_(30, 0.75) 
[2023-02-16 20:45:23] [INFO] ... Total Infected = 55.68% 
[2023-02-16 20:45:23] [INFO] ... Total Hospitalised = 26.50% 
[2023-02-16 20:45:23] [INFO] ... Total Dead = 20.94% 
[2023-02-16 20:45:23] [INFO] ... Completed 
[2023-02-16 20:45:23] [INFO] Running: oneoff_(35, 0.75) 
[2023-02-16 20:45:46] [INFO] ... Total Infected = 61.78% 
[2023-02-16 20:45:46] [INFO] ... Total Hospitalised = 29.61% 
[2023-02-16 20:45:46] [INFO] ... Total Dead = 23.47% 
[2023-02-16 20:45:46] [INFO] ... Completed 
[2023-02-16 20:45:46] [INFO] Running: oneoff_(40, 0.75) 
[2023-02-16 20:46:11] [INFO] ... Total Infected = 67.28% 
[2023-02-16 20:46:11] [INFO] ... Total Hospitalised = 32.31% 
[2023-02-16 20:46:11] [INFO] ... Total Dead = 25.67% 
[2023-02-16 20:46:11] [INFO] ... Completed 
[2023-02-16 20:46:11] [INFO] Running: oneoff_(45, 0.75) 
[2023-02-16 20:46:35] [INFO] ... Total Infected = 70.65% 
[2023-02-16 20:46:35] [INFO] ... Total Hospitalised = 33.99% 
[2023-02-16 20:46:35] [INFO] ... Total Dead = 27.01% 
[2023-02-16 20:46:35] [INFO] ... Completed 
[2023-02-16 20:46:35] [INFO] Running: oneoff_(50, 0.75) 
[2023-02-16 20:46:58] [INFO] ... Total Infected = 72.37% 
[2023-02-16 20:46:58] [INFO] ... Total Hospitalised = 34.86% 
[2023-02-16 20:46:58] [INFO] ... Total Dead = 27.73% 
[2023-02-16 20:46:58] [INFO] ... Completed 
[2023-02-16 20:46:58] [INFO] Running: oneoff_(55, 0.75) 
[2023-02-16 20:47:21] [INFO] ... Total Infected = 73.40% 
[2023-02-16 20:47:21] [INFO] ... Total Hospitalised = 35.36% 
[2023-02-16 20:47:21] [INFO] ... Total Dead = 28.13% 
[2023-02-16 20:47:21] [INFO] ... Completed 
[2023-02-16 20:47:21] [INFO] Running: oneoff_(60, 0.75) 
[2023-02-16 20:47:44] [INFO] ... Total Infected = 72.95% 
[2023-02-16 20:47:44] [INFO] ... Total Hospitalised = 35.20% 
[2023-02-16 20:47:44] [INFO] ... Total Dead = 28.01% 
[2023-02-16 20:47:44] [INFO] ... Completed 
[2023-02-16 20:47:44] [INFO] Running: oneoff_(65, 0.75) 
[2023-02-16 20:48:10] [INFO] ... Total Infected = 73.38% 
[2023-02-16 20:48:10] [INFO] ... Total Hospitalised = 35.44% 
[2023-02-16 20:48:10] [INFO] ... Total Dead = 28.20% 
[2023-02-16 20:48:10] [INFO] ... Completed 
[2023-02-16 20:48:10] [INFO] Running: oneoff_(70, 0.75) 
[2023-02-16 20:48:35] [INFO] ... Total Infected = 75.52% 
[2023-02-16 20:48:35] [INFO] ... Total Hospitalised = 36.52% 
[2023-02-16 20:48:35] [INFO] ... Total Dead = 29.08% 
[2023-02-16 20:48:35] [INFO] ... Completed 
[2023-02-16 20:48:35] [INFO] Running: oneoff_(75, 0.75) 
[2023-02-16 20:49:00] [INFO] ... Total Infected = 72.46% 
[2023-02-16 20:49:00] [INFO] ... Total Hospitalised = 35.00% 
[2023-02-16 20:49:00] [INFO] ... Total Dead = 27.87% 
[2023-02-16 20:49:00] [INFO] ... Completed 
