[2023-02-16 19:31:21] [INFO] Running: oneoff_(0, 0.25) 
[2023-02-16 19:31:43] [INFO] ... Total Infected = 42.97% 
[2023-02-16 19:31:43] [INFO] ... Total Hospitalised = 20.75% 
[2023-02-16 19:31:43] [INFO] ... Total Dead = 16.42% 
[2023-02-16 19:31:43] [INFO] ... Completed 
[2023-02-16 19:31:43] [INFO] Running: oneoff_(5, 0.25) 
[2023-02-16 19:32:05] [INFO] ... Total Infected = 47.08% 
[2023-02-16 19:32:05] [INFO] ... Total Hospitalised = 22.77% 
[2023-02-16 19:32:05] [INFO] ... Total Dead = 18.01% 
[2023-02-16 19:32:05] [INFO] ... Completed 
[2023-02-16 19:32:05] [INFO] Running: oneoff_(10, 0.25) 
[2023-02-16 19:32:27] [INFO] ... Total Infected = 50.53% 
[2023-02-16 19:32:27] [INFO] ... Total Hospitalised = 24.41% 
[2023-02-16 19:32:27] [INFO] ... Total Dead = 19.29% 
[2023-02-16 19:32:27] [INFO] ... Completed 
[2023-02-16 19:32:27] [INFO] Running: oneoff_(15, 0.25) 
[2023-02-16 19:32:49] [INFO] ... Total Infected = 50.97% 
[2023-02-16 19:32:49] [INFO] ... Total Hospitalised = 24.54% 
[2023-02-16 19:32:49] [INFO] ... Total Dead = 19.42% 
[2023-02-16 19:32:49] [INFO] ... Completed 
[2023-02-16 19:32:49] [INFO] Running: oneoff_(20, 0.25) 
[2023-02-16 19:33:11] [INFO] ... Total Infected = 54.39% 
[2023-02-16 19:33:11] [INFO] ... Total Hospitalised = 26.11% 
[2023-02-16 19:33:11] [INFO] ... Total Dead = 20.66% 
[2023-02-16 19:33:11] [INFO] ... Completed 
[2023-02-16 19:33:11] [INFO] Running: oneoff_(25, 0.25) 
[2023-02-16 19:33:34] [INFO] ... Total Infected = 55.42% 
[2023-02-16 19:33:34] [INFO] ... Total Hospitalised = 26.53% 
[2023-02-16 19:33:34] [INFO] ... Total Dead = 21.01% 
[2023-02-16 19:33:34] [INFO] ... Completed 
[2023-02-16 19:33:34] [INFO] Running: oneoff_(30, 0.25) 
[2023-02-16 19:33:56] [INFO] ... Total Infected = 63.05% 
[2023-02-16 19:33:56] [INFO] ... Total Hospitalised = 30.21% 
[2023-02-16 19:33:56] [INFO] ... Total Dead = 23.96% 
[2023-02-16 19:33:56] [INFO] ... Completed 
[2023-02-16 19:33:56] [INFO] Running: oneoff_(35, 0.25) 
[2023-02-16 19:34:18] [INFO] ... Total Infected = 67.76% 
[2023-02-16 19:34:18] [INFO] ... Total Hospitalised = 32.53% 
[2023-02-16 19:34:18] [INFO] ... Total Dead = 25.81% 
[2023-02-16 19:34:18] [INFO] ... Completed 
[2023-02-16 19:34:18] [INFO] Running: oneoff_(40, 0.25) 
[2023-02-16 19:34:40] [INFO] ... Total Infected = 69.25% 
[2023-02-16 19:34:40] [INFO] ... Total Hospitalised = 33.33% 
[2023-02-16 19:34:40] [INFO] ... Total Dead = 26.51% 
[2023-02-16 19:34:40] [INFO] ... Completed 
[2023-02-16 19:34:40] [INFO] Running: oneoff_(45, 0.25) 
[2023-02-16 19:35:02] [INFO] ... Total Infected = 72.02% 
[2023-02-16 19:35:02] [INFO] ... Total Hospitalised = 34.71% 
[2023-02-16 19:35:02] [INFO] ... Total Dead = 27.60% 
[2023-02-16 19:35:02] [INFO] ... Completed 
[2023-02-16 19:35:02] [INFO] Running: oneoff_(50, 0.25) 
[2023-02-16 19:35:26] [INFO] ... Total Infected = 71.67% 
[2023-02-16 19:35:26] [INFO] ... Total Hospitalised = 34.54% 
[2023-02-16 19:35:26] [INFO] ... Total Dead = 27.48% 
[2023-02-16 19:35:26] [INFO] ... Completed 
[2023-02-16 19:35:26] [INFO] Running: oneoff_(55, 0.25) 
[2023-02-16 19:35:51] [INFO] ... Total Infected = 73.44% 
[2023-02-16 19:35:51] [INFO] ... Total Hospitalised = 35.41% 
[2023-02-16 19:35:51] [INFO] ... Total Dead = 28.17% 
[2023-02-16 19:35:51] [INFO] ... Completed 
[2023-02-16 19:35:51] [INFO] Running: oneoff_(60, 0.25) 
[2023-02-16 19:36:14] [INFO] ... Total Infected = 73.51% 
[2023-02-16 19:36:14] [INFO] ... Total Hospitalised = 35.47% 
[2023-02-16 19:36:14] [INFO] ... Total Dead = 28.25% 
[2023-02-16 19:36:14] [INFO] ... Completed 
[2023-02-16 19:36:14] [INFO] Running: oneoff_(65, 0.25) 
[2023-02-16 19:36:36] [INFO] ... Total Infected = 73.92% 
[2023-02-16 19:36:36] [INFO] ... Total Hospitalised = 35.68% 
[2023-02-16 19:36:36] [INFO] ... Total Dead = 28.41% 
[2023-02-16 19:36:36] [INFO] ... Completed 
[2023-02-16 19:36:36] [INFO] Running: oneoff_(70, 0.25) 
[2023-02-16 19:36:59] [INFO] ... Total Infected = 74.34% 
[2023-02-16 19:36:59] [INFO] ... Total Hospitalised = 35.87% 
[2023-02-16 19:36:59] [INFO] ... Total Dead = 28.59% 
[2023-02-16 19:36:59] [INFO] ... Completed 
[2023-02-16 19:36:59] [INFO] Running: oneoff_(75, 0.25) 
[2023-02-16 19:37:20] [INFO] ... Total Infected = 75.07% 
[2023-02-16 19:37:20] [INFO] ... Total Hospitalised = 36.28% 
[2023-02-16 19:37:20] [INFO] ... Total Dead = 28.89% 
[2023-02-16 19:37:20] [INFO] ... Completed 
