[2023-02-21 13:08:50] [INFO] Running: oneoff_(0, 0.0) 
[2023-02-21 13:08:50] [INFO] ### Network Parameters ### 
[2023-02-21 13:08:50] [INFO] ... BARABASI_ALBERT: m=5 
[2023-02-21 13:09:14] [INFO] ... Total Infected = 99.34% 
[2023-02-21 13:09:14] [INFO] ... Total Hospitalised = 41.54% 
[2023-02-21 13:09:14] [INFO] ... Total Dead = 32.38% 
[2023-02-21 13:09:14] [INFO] ... Completed 
[2023-02-21 13:09:14] [INFO] Running: oneoff_(0, 0.05) 
[2023-02-21 13:09:14] [INFO] ### Network Parameters ### 
[2023-02-21 13:09:14] [INFO] ... BARABASI_ALBERT: m=5 
[2023-02-21 13:09:39] [INFO] ... Total Infected = 92.39% 
[2023-02-21 13:09:39] [INFO] ... Total Hospitalised = 38.85% 
[2023-02-21 13:09:39] [INFO] ... Total Dead = 30.28% 
[2023-02-21 13:09:39] [INFO] ... Completed 
[2023-02-21 13:09:39] [INFO] Running: oneoff_(0, 0.1) 
[2023-02-21 13:09:39] [INFO] ### Network Parameters ### 
[2023-02-21 13:09:39] [INFO] ... BARABASI_ALBERT: m=5 
[2023-02-21 13:10:03] [INFO] ... Total Infected = 85.91% 
[2023-02-21 13:10:03] [INFO] ... Total Hospitalised = 36.20% 
[2023-02-21 13:10:03] [INFO] ... Total Dead = 28.16% 
[2023-02-21 13:10:03] [INFO] ... Completed 
[2023-02-21 13:10:03] [INFO] Running: oneoff_(0, 0.15000000000000002) 
[2023-02-21 13:10:03] [INFO] ### Network Parameters ### 
[2023-02-21 13:10:03] [INFO] ... BARABASI_ALBERT: m=5 
[2023-02-21 13:10:26] [INFO] ... Total Infected = 79.97% 
[2023-02-21 13:10:26] [INFO] ... Total Hospitalised = 33.89% 
[2023-02-21 13:10:26] [INFO] ... Total Dead = 26.34% 
[2023-02-21 13:10:26] [INFO] ... Completed 
[2023-02-21 13:10:26] [INFO] Running: oneoff_(0, 0.2) 
[2023-02-21 13:10:26] [INFO] ### Network Parameters ### 
[2023-02-21 13:10:26] [INFO] ... BARABASI_ALBERT: m=5 
[2023-02-21 13:10:50] [INFO] ... Total Infected = 72.47% 
[2023-02-21 13:10:50] [INFO] ... Total Hospitalised = 30.79% 
[2023-02-21 13:10:50] [INFO] ... Total Dead = 23.88% 
[2023-02-21 13:10:50] [INFO] ... Completed 
[2023-02-21 13:10:50] [INFO] Running: oneoff_(0, 0.25) 
[2023-02-21 13:10:50] [INFO] ### Network Parameters ### 
[2023-02-21 13:10:50] [INFO] ... BARABASI_ALBERT: m=5 
[2023-02-21 13:11:16] [INFO] ... Total Infected = 65.06% 
[2023-02-21 13:11:16] [INFO] ... Total Hospitalised = 27.77% 
[2023-02-21 13:11:16] [INFO] ... Total Dead = 21.51% 
[2023-02-21 13:11:16] [INFO] ... Completed 
[2023-02-21 13:11:16] [INFO] Running: oneoff_(0, 0.30000000000000004) 
[2023-02-21 13:11:16] [INFO] ### Network Parameters ### 
[2023-02-21 13:11:16] [INFO] ... BARABASI_ALBERT: m=5 
[2023-02-21 13:11:40] [INFO] ... Total Infected = 58.31% 
[2023-02-21 13:11:40] [INFO] ... Total Hospitalised = 24.94% 
[2023-02-21 13:11:40] [INFO] ... Total Dead = 19.26% 
[2023-02-21 13:11:40] [INFO] ... Completed 
[2023-02-21 13:11:40] [INFO] Running: oneoff_(0, 0.35000000000000003) 
[2023-02-21 13:11:40] [INFO] ### Network Parameters ### 
[2023-02-21 13:11:40] [INFO] ... BARABASI_ALBERT: m=5 
[2023-02-21 13:12:04] [INFO] ... Total Infected = 51.02% 
[2023-02-21 13:12:04] [INFO] ... Total Hospitalised = 21.92% 
[2023-02-21 13:12:04] [INFO] ... Total Dead = 16.93% 
[2023-02-21 13:12:04] [INFO] ... Completed 
[2023-02-21 13:12:04] [INFO] Running: oneoff_(0, 0.4) 
[2023-02-21 13:12:04] [INFO] ### Network Parameters ### 
[2023-02-21 13:12:04] [INFO] ... BARABASI_ALBERT: m=5 
[2023-02-21 13:12:29] [INFO] ... Total Infected = 44.98% 
[2023-02-21 13:12:29] [INFO] ... Total Hospitalised = 19.35% 
[2023-02-21 13:12:29] [INFO] ... Total Dead = 14.90% 
[2023-02-21 13:12:29] [INFO] ... Completed 
[2023-02-21 13:12:29] [INFO] Running: oneoff_(0, 0.45) 
[2023-02-21 13:12:29] [INFO] ### Network Parameters ### 
[2023-02-21 13:12:29] [INFO] ... BARABASI_ALBERT: m=5 
[2023-02-21 13:12:54] [INFO] ... Total Infected = 38.01% 
[2023-02-21 13:12:54] [INFO] ... Total Hospitalised = 16.37% 
[2023-02-21 13:12:54] [INFO] ... Total Dead = 12.57% 
[2023-02-21 13:12:54] [INFO] ... Completed 
[2023-02-21 13:12:54] [INFO] Running: oneoff_(0, 0.5) 
[2023-02-21 13:12:54] [INFO] ### Network Parameters ### 
[2023-02-21 13:12:54] [INFO] ... BARABASI_ALBERT: m=5 
[2023-02-21 13:13:18] [INFO] ... Total Infected = 30.73% 
[2023-02-21 13:13:18] [INFO] ... Total Hospitalised = 13.29% 
[2023-02-21 13:13:18] [INFO] ... Total Dead = 10.18% 
[2023-02-21 13:13:18] [INFO] ... Completed 
[2023-02-21 13:13:18] [INFO] Running: oneoff_(0, 0.55) 
[2023-02-21 13:13:18] [INFO] ### Network Parameters ### 
[2023-02-21 13:13:18] [INFO] ... BARABASI_ALBERT: m=5 
[2023-02-21 13:13:43] [INFO] ... Total Infected = 23.35% 
[2023-02-21 13:13:43] [INFO] ... Total Hospitalised = 10.11% 
[2023-02-21 13:13:43] [INFO] ... Total Dead = 7.71% 
[2023-02-21 13:13:43] [INFO] ... Completed 
[2023-02-21 13:13:43] [INFO] Running: oneoff_(0, 0.6000000000000001) 
[2023-02-21 13:13:43] [INFO] ### Network Parameters ### 
[2023-02-21 13:13:43] [INFO] ... BARABASI_ALBERT: m=5 
[2023-02-21 13:14:08] [INFO] ... Total Infected = 18.68% 
[2023-02-21 13:14:08] [INFO] ... Total Hospitalised = 8.11% 
[2023-02-21 13:14:08] [INFO] ... Total Dead = 6.15% 
[2023-02-21 13:14:08] [INFO] ... Completed 
[2023-02-21 13:14:08] [INFO] Running: oneoff_(0, 0.65) 
[2023-02-21 13:14:08] [INFO] ### Network Parameters ### 
[2023-02-21 13:14:08] [INFO] ... BARABASI_ALBERT: m=5 
[2023-02-21 13:14:33] [INFO] ... Total Infected = 12.38% 
[2023-02-21 13:14:33] [INFO] ... Total Hospitalised = 5.37% 
[2023-02-21 13:14:33] [INFO] ... Total Dead = 4.05% 
[2023-02-21 13:14:33] [INFO] ... Completed 
[2023-02-21 13:14:33] [INFO] Running: oneoff_(0, 0.7000000000000001) 
[2023-02-21 13:14:33] [INFO] ### Network Parameters ### 
[2023-02-21 13:14:33] [INFO] ... BARABASI_ALBERT: m=5 
[2023-02-21 13:14:59] [INFO] ... Total Infected = 7.50% 
[2023-02-21 13:14:59] [INFO] ... Total Hospitalised = 3.24% 
[2023-02-21 13:14:59] [INFO] ... Total Dead = 2.44% 
[2023-02-21 13:14:59] [INFO] ... Completed 
[2023-02-21 13:14:59] [INFO] Running: oneoff_(0, 0.75) 
[2023-02-21 13:14:59] [INFO] ### Network Parameters ### 
[2023-02-21 13:14:59] [INFO] ... BARABASI_ALBERT: m=5 
[2023-02-21 13:15:25] [INFO] ... Total Infected = 3.45% 
[2023-02-21 13:15:25] [INFO] ... Total Hospitalised = 1.49% 
[2023-02-21 13:15:25] [INFO] ... Total Dead = 1.10% 
[2023-02-21 13:15:25] [INFO] ... Completed 
[2023-02-21 13:15:25] [INFO] Running: oneoff_(0, 0.8) 
[2023-02-21 13:15:25] [INFO] ### Network Parameters ### 
[2023-02-21 13:15:25] [INFO] ... BARABASI_ALBERT: m=5 
[2023-02-21 13:15:51] [INFO] ... Total Infected = 1.14% 
[2023-02-21 13:15:51] [INFO] ... Total Hospitalised = 0.49% 
[2023-02-21 13:15:51] [INFO] ... Total Dead = 0.36% 
[2023-02-21 13:15:51] [INFO] ... Completed 
[2023-02-21 13:15:51] [INFO] Running: oneoff_(0, 0.8500000000000001) 
[2023-02-21 13:15:51] [INFO] ### Network Parameters ### 
[2023-02-21 13:15:51] [INFO] ... BARABASI_ALBERT: m=5 
[2023-02-21 13:16:20] [INFO] ... Total Infected = 0.25% 
[2023-02-21 13:16:20] [INFO] ... Total Hospitalised = 0.11% 
[2023-02-21 13:16:20] [INFO] ... Total Dead = 0.08% 
[2023-02-21 13:16:20] [INFO] ... Completed 
[2023-02-21 13:16:20] [INFO] Running: oneoff_(0, 0.9) 
[2023-02-21 13:16:20] [INFO] ### Network Parameters ### 
[2023-02-21 13:16:20] [INFO] ... BARABASI_ALBERT: m=5 
[2023-02-21 13:16:48] [INFO] ... Total Infected = 0.08% 
[2023-02-21 13:16:48] [INFO] ... Total Hospitalised = 0.04% 
[2023-02-21 13:16:48] [INFO] ... Total Dead = 0.03% 
[2023-02-21 13:16:48] [INFO] ... Completed 
[2023-02-21 13:16:48] [INFO] Running: oneoff_(0, 0.9500000000000001) 
[2023-02-21 13:16:48] [INFO] ### Network Parameters ### 
[2023-02-21 13:16:48] [INFO] ... BARABASI_ALBERT: m=5 
[2023-02-21 13:17:20] [INFO] ... Total Infected = 0.04% 
[2023-02-21 13:17:20] [INFO] ... Total Hospitalised = 0.02% 
[2023-02-21 13:17:20] [INFO] ... Total Dead = 0.01% 
[2023-02-21 13:17:20] [INFO] ... Completed 
[2023-02-21 13:17:20] [INFO] Running: oneoff_(0, 1.0) 
[2023-02-21 13:17:20] [INFO] ### Network Parameters ### 
[2023-02-21 13:17:20] [INFO] ... BARABASI_ALBERT: m=5 
[2023-02-21 13:18:16] [INFO] ... Total Infected = 0.00% 
[2023-02-21 13:18:16] [INFO] ... Total Hospitalised = 0.00% 
[2023-02-21 13:18:16] [INFO] ... Total Dead = 0.00% 
[2023-02-21 13:18:16] [INFO] ... Completed 
