[2023-02-16 16:21:55] [INFO] Running: oneoff_(0, 0.5) 
[2023-02-16 16:22:18] [INFO] ... Total Infected = 22.69% 
[2023-02-16 16:22:18] [INFO] ... Total Hospitalised = 10.92% 
[2023-02-16 16:22:18] [INFO] ... Total Dead = 8.58% 
[2023-02-16 16:22:18] [INFO] ... Completed 
[2023-02-16 16:22:18] [INFO] Running: oneoff_(5, 0.5) 
[2023-02-16 16:22:40] [INFO] ... Total Infected = 26.62% 
[2023-02-16 16:22:40] [INFO] ... Total Hospitalised = 12.81% 
[2023-02-16 16:22:40] [INFO] ... Total Dead = 10.05% 
[2023-02-16 16:22:40] [INFO] ... Completed 
[2023-02-16 16:22:40] [INFO] Running: oneoff_(10, 0.5) 
[2023-02-16 16:23:03] [INFO] ... Total Infected = 29.38% 
[2023-02-16 16:23:03] [INFO] ... Total Hospitalised = 14.13% 
[2023-02-16 16:23:03] [INFO] ... Total Dead = 11.10% 
[2023-02-16 16:23:03] [INFO] ... Completed 
[2023-02-16 16:23:03] [INFO] Running: oneoff_(15, 0.5) 
[2023-02-16 16:23:25] [INFO] ... Total Infected = 35.44% 
[2023-02-16 16:23:25] [INFO] ... Total Hospitalised = 16.96% 
[2023-02-16 16:23:25] [INFO] ... Total Dead = 13.32% 
[2023-02-16 16:23:25] [INFO] ... Completed 
[2023-02-16 16:23:25] [INFO] Running: oneoff_(20, 0.5) 
[2023-02-16 16:23:47] [INFO] ... Total Infected = 41.47% 
[2023-02-16 16:23:47] [INFO] ... Total Hospitalised = 19.82% 
[2023-02-16 16:23:47] [INFO] ... Total Dead = 15.61% 
[2023-02-16 16:23:47] [INFO] ... Completed 
[2023-02-16 16:23:47] [INFO] Running: oneoff_(25, 0.5) 
[2023-02-16 16:24:09] [INFO] ... Total Infected = 50.69% 
[2023-02-16 16:24:09] [INFO] ... Total Hospitalised = 24.15% 
[2023-02-16 16:24:09] [INFO] ... Total Dead = 19.05% 
[2023-02-16 16:24:09] [INFO] ... Completed 
[2023-02-16 16:24:09] [INFO] Running: oneoff_(30, 0.5) 
[2023-02-16 16:24:31] [INFO] ... Total Infected = 58.89% 
[2023-02-16 16:24:31] [INFO] ... Total Hospitalised = 28.09% 
[2023-02-16 16:24:31] [INFO] ... Total Dead = 22.21% 
[2023-02-16 16:24:31] [INFO] ... Completed 
[2023-02-16 16:24:31] [INFO] Running: oneoff_(35, 0.5) 
[2023-02-16 16:24:54] [INFO] ... Total Infected = 63.11% 
[2023-02-16 16:24:54] [INFO] ... Total Hospitalised = 30.21% 
[2023-02-16 16:24:54] [INFO] ... Total Dead = 23.95% 
[2023-02-16 16:24:54] [INFO] ... Completed 
[2023-02-16 16:24:54] [INFO] Running: oneoff_(40, 0.5) 
[2023-02-16 16:25:16] [INFO] ... Total Infected = 67.47% 
[2023-02-16 16:25:16] [INFO] ... Total Hospitalised = 32.37% 
[2023-02-16 16:25:16] [INFO] ... Total Dead = 25.70% 
[2023-02-16 16:25:16] [INFO] ... Completed 
[2023-02-16 16:25:16] [INFO] Running: oneoff_(45, 0.5) 
[2023-02-16 16:25:38] [INFO] ... Total Infected = 70.16% 
[2023-02-16 16:25:38] [INFO] ... Total Hospitalised = 33.75% 
[2023-02-16 16:25:38] [INFO] ... Total Dead = 26.84% 
[2023-02-16 16:25:38] [INFO] ... Completed 
[2023-02-16 16:25:38] [INFO] Running: oneoff_(50, 0.5) 
[2023-02-16 16:26:01] [INFO] ... Total Infected = 71.00% 
[2023-02-16 16:26:01] [INFO] ... Total Hospitalised = 34.17% 
[2023-02-16 16:26:01] [INFO] ... Total Dead = 27.16% 
[2023-02-16 16:26:01] [INFO] ... Completed 
[2023-02-16 16:26:01] [INFO] Running: oneoff_(55, 0.5) 
[2023-02-16 16:26:24] [INFO] ... Total Infected = 74.12% 
[2023-02-16 16:26:24] [INFO] ... Total Hospitalised = 35.75% 
[2023-02-16 16:26:24] [INFO] ... Total Dead = 28.47% 
[2023-02-16 16:26:24] [INFO] ... Completed 
[2023-02-16 16:26:24] [INFO] Running: oneoff_(60, 0.5) 
[2023-02-16 16:26:47] [INFO] ... Total Infected = 72.78% 
[2023-02-16 16:26:47] [INFO] ... Total Hospitalised = 35.10% 
[2023-02-16 16:26:47] [INFO] ... Total Dead = 27.93% 
[2023-02-16 16:26:47] [INFO] ... Completed 
[2023-02-16 16:26:47] [INFO] Running: oneoff_(65, 0.5) 
[2023-02-16 16:27:09] [INFO] ... Total Infected = 75.32% 
[2023-02-16 16:27:09] [INFO] ... Total Hospitalised = 36.36% 
[2023-02-16 16:27:09] [INFO] ... Total Dead = 28.94% 
[2023-02-16 16:27:09] [INFO] ... Completed 
[2023-02-16 16:27:09] [INFO] Running: oneoff_(70, 0.5) 
[2023-02-16 16:27:32] [INFO] ... Total Infected = 75.29% 
[2023-02-16 16:27:32] [INFO] ... Total Hospitalised = 36.30% 
[2023-02-16 16:27:32] [INFO] ... Total Dead = 28.91% 
[2023-02-16 16:27:32] [INFO] ... Completed 
[2023-02-16 16:27:32] [INFO] Running: oneoff_(75, 0.5) 
[2023-02-16 16:27:55] [INFO] ... Total Infected = 74.26% 
[2023-02-16 16:27:55] [INFO] ... Total Hospitalised = 35.88% 
[2023-02-16 16:27:55] [INFO] ... Total Dead = 28.59% 
[2023-02-16 16:27:55] [INFO] ... Completed 
