[2023-02-16 20:30:10] [INFO] Running: oneoff_(0, 0.75) 
[2023-02-16 20:30:31] [INFO] ... Total Infected = 9.90% 
[2023-02-16 20:30:31] [INFO] ... Total Hospitalised = 4.72% 
[2023-02-16 20:30:31] [INFO] ... Total Dead = 3.68% 
[2023-02-16 20:30:31] [INFO] ... Completed 
[2023-02-16 20:30:31] [INFO] Running: oneoff_(5, 0.75) 
[2023-02-16 20:30:51] [INFO] ... Total Infected = 13.97% 
[2023-02-16 20:30:51] [INFO] ... Total Hospitalised = 6.68% 
[2023-02-16 20:30:51] [INFO] ... Total Dead = 5.19% 
[2023-02-16 20:30:51] [INFO] ... Completed 
[2023-02-16 20:30:51] [INFO] Running: oneoff_(10, 0.75) 
[2023-02-16 20:31:12] [INFO] ... Total Infected = 18.77% 
[2023-02-16 20:31:12] [INFO] ... Total Hospitalised = 8.99% 
[2023-02-16 20:31:12] [INFO] ... Total Dead = 7.01% 
[2023-02-16 20:31:12] [INFO] ... Completed 
[2023-02-16 20:31:12] [INFO] Running: oneoff_(15, 0.75) 
[2023-02-16 20:31:32] [INFO] ... Total Infected = 25.12% 
[2023-02-16 20:31:32] [INFO] ... Total Hospitalised = 11.99% 
[2023-02-16 20:31:32] [INFO] ... Total Dead = 9.37% 
[2023-02-16 20:31:32] [INFO] ... Completed 
[2023-02-16 20:31:32] [INFO] Running: oneoff_(20, 0.75) 
[2023-02-16 20:31:53] [INFO] ... Total Infected = 35.16% 
[2023-02-16 20:31:53] [INFO] ... Total Hospitalised = 16.67% 
[2023-02-16 20:31:53] [INFO] ... Total Dead = 13.06% 
[2023-02-16 20:31:53] [INFO] ... Completed 
[2023-02-16 20:31:53] [INFO] Running: oneoff_(25, 0.75) 
[2023-02-16 20:32:13] [INFO] ... Total Infected = 44.68% 
[2023-02-16 20:32:13] [INFO] ... Total Hospitalised = 21.21% 
[2023-02-16 20:32:13] [INFO] ... Total Dead = 16.67% 
[2023-02-16 20:32:13] [INFO] ... Completed 
[2023-02-16 20:32:13] [INFO] Running: oneoff_(30, 0.75) 
[2023-02-16 20:32:34] [INFO] ... Total Infected = 56.18% 
[2023-02-16 20:32:34] [INFO] ... Total Hospitalised = 26.74% 
[2023-02-16 20:32:34] [INFO] ... Total Dead = 21.09% 
[2023-02-16 20:32:34] [INFO] ... Completed 
[2023-02-16 20:32:34] [INFO] Running: oneoff_(35, 0.75) 
[2023-02-16 20:32:56] [INFO] ... Total Infected = 62.59% 
[2023-02-16 20:32:56] [INFO] ... Total Hospitalised = 29.92% 
[2023-02-16 20:32:56] [INFO] ... Total Dead = 23.69% 
[2023-02-16 20:32:56] [INFO] ... Completed 
[2023-02-16 20:32:56] [INFO] Running: oneoff_(40, 0.75) 
[2023-02-16 20:33:18] [INFO] ... Total Infected = 66.02% 
[2023-02-16 20:33:18] [INFO] ... Total Hospitalised = 31.65% 
[2023-02-16 20:33:18] [INFO] ... Total Dead = 25.12% 
[2023-02-16 20:33:18] [INFO] ... Completed 
[2023-02-16 20:33:18] [INFO] Running: oneoff_(45, 0.75) 
[2023-02-16 20:33:42] [INFO] ... Total Infected = 69.01% 
[2023-02-16 20:33:42] [INFO] ... Total Hospitalised = 33.22% 
[2023-02-16 20:33:42] [INFO] ... Total Dead = 26.40% 
[2023-02-16 20:33:42] [INFO] ... Completed 
[2023-02-16 20:33:42] [INFO] Running: oneoff_(50, 0.75) 
[2023-02-16 20:34:04] [INFO] ... Total Infected = 72.37% 
[2023-02-16 20:34:04] [INFO] ... Total Hospitalised = 34.88% 
[2023-02-16 20:34:04] [INFO] ... Total Dead = 27.74% 
[2023-02-16 20:34:04] [INFO] ... Completed 
[2023-02-16 20:34:04] [INFO] Running: oneoff_(55, 0.75) 
[2023-02-16 20:34:25] [INFO] ... Total Infected = 74.64% 
[2023-02-16 20:34:25] [INFO] ... Total Hospitalised = 36.00% 
[2023-02-16 20:34:25] [INFO] ... Total Dead = 28.63% 
[2023-02-16 20:34:25] [INFO] ... Completed 
[2023-02-16 20:34:25] [INFO] Running: oneoff_(60, 0.75) 
[2023-02-16 20:34:47] [INFO] ... Total Infected = 73.50% 
[2023-02-16 20:34:47] [INFO] ... Total Hospitalised = 35.43% 
[2023-02-16 20:34:47] [INFO] ... Total Dead = 28.15% 
[2023-02-16 20:34:47] [INFO] ... Completed 
[2023-02-16 20:34:47] [INFO] Running: oneoff_(65, 0.75) 
[2023-02-16 20:35:10] [INFO] ... Total Infected = 73.35% 
[2023-02-16 20:35:10] [INFO] ... Total Hospitalised = 35.41% 
[2023-02-16 20:35:10] [INFO] ... Total Dead = 28.20% 
[2023-02-16 20:35:10] [INFO] ... Completed 
[2023-02-16 20:35:10] [INFO] Running: oneoff_(70, 0.75) 
[2023-02-16 20:35:33] [INFO] ... Total Infected = 76.08% 
[2023-02-16 20:35:33] [INFO] ... Total Hospitalised = 36.70% 
[2023-02-16 20:35:33] [INFO] ... Total Dead = 29.21% 
[2023-02-16 20:35:33] [INFO] ... Completed 
[2023-02-16 20:35:33] [INFO] Running: oneoff_(75, 0.75) 
[2023-02-16 20:35:56] [INFO] ... Total Infected = 75.21% 
[2023-02-16 20:35:56] [INFO] ... Total Hospitalised = 36.30% 
[2023-02-16 20:35:56] [INFO] ... Total Dead = 28.91% 
[2023-02-16 20:35:56] [INFO] ... Completed 
