[2023-02-28 16:11:18] [INFO] Running: OldestOneOff(0, 0.000) 
[2023-02-28 16:11:29] [INFO] ... Total Infected = 98.70% 
[2023-02-28 16:11:29] [INFO] ... Total Hospitalised = 46.31% 
[2023-02-28 16:11:29] [INFO] ... Total Dead = 37.01% 
[2023-02-28 16:11:29] [INFO] ... Completed 
[2023-02-28 16:11:29] [INFO] Running: OldestOneOff(0, 0.050) 
[2023-02-28 16:11:41] [INFO] ... Total Infected = 95.04% 
[2023-02-28 16:11:41] [INFO] ... Total Hospitalised = 42.85% 
[2023-02-28 16:11:41] [INFO] ... Total Dead = 33.71% 
[2023-02-28 16:11:41] [INFO] ... Completed 
[2023-02-28 16:11:41] [INFO] Running: OldestOneOff(0, 0.100) 
[2023-02-28 16:11:53] [INFO] ... Total Infected = 89.36% 
[2023-02-28 16:11:53] [INFO] ... Total Hospitalised = 38.95% 
[2023-02-28 16:11:53] [INFO] ... Total Dead = 30.13% 
[2023-02-28 16:11:53] [INFO] ... Completed 
[2023-02-28 16:11:53] [INFO] Running: OldestOneOff(0, 0.150) 
[2023-02-28 16:12:05] [INFO] ... Total Infected = 83.70% 
[2023-02-28 16:12:05] [INFO] ... Total Hospitalised = 34.97% 
[2023-02-28 16:12:05] [INFO] ... Total Dead = 26.46% 
[2023-02-28 16:12:05] [INFO] ... Completed 
[2023-02-28 16:12:05] [INFO] Running: OldestOneOff(0, 0.200) 
[2023-02-28 16:12:17] [INFO] ... Total Infected = 80.40% 
[2023-02-28 16:12:17] [INFO] ... Total Hospitalised = 32.25% 
[2023-02-28 16:12:17] [INFO] ... Total Dead = 23.80% 
[2023-02-28 16:12:17] [INFO] ... Completed 
[2023-02-28 16:12:17] [INFO] Running: OldestOneOff(0, 0.250) 
[2023-02-28 16:12:28] [INFO] ... Total Infected = 75.40% 
[2023-02-28 16:12:28] [INFO] ... Total Hospitalised = 29.11% 
[2023-02-28 16:12:28] [INFO] ... Total Dead = 20.84% 
[2023-02-28 16:12:28] [INFO] ... Completed 
[2023-02-28 16:12:28] [INFO] Running: OldestOneOff(0, 0.300) 
[2023-02-28 16:12:40] [INFO] ... Total Infected = 69.55% 
[2023-02-28 16:12:40] [INFO] ... Total Hospitalised = 25.71% 
[2023-02-28 16:12:40] [INFO] ... Total Dead = 17.75% 
[2023-02-28 16:12:40] [INFO] ... Completed 
[2023-02-28 16:12:40] [INFO] Running: OldestOneOff(0, 0.350) 
[2023-02-28 16:12:52] [INFO] ... Total Infected = 65.08% 
[2023-02-28 16:12:52] [INFO] ... Total Hospitalised = 22.73% 
[2023-02-28 16:12:52] [INFO] ... Total Dead = 14.89% 
[2023-02-28 16:12:52] [INFO] ... Completed 
[2023-02-28 16:12:52] [INFO] Running: OldestOneOff(0, 0.400) 
[2023-02-28 16:13:03] [INFO] ... Total Infected = 59.48% 
[2023-02-28 16:13:03] [INFO] ... Total Hospitalised = 19.77% 
[2023-02-28 16:13:03] [INFO] ... Total Dead = 12.33% 
[2023-02-28 16:13:03] [INFO] ... Completed 
[2023-02-28 16:13:03] [INFO] Running: OldestOneOff(0, 0.450) 
[2023-02-28 16:13:15] [INFO] ... Total Infected = 52.91% 
[2023-02-28 16:13:15] [INFO] ... Total Hospitalised = 16.86% 
[2023-02-28 16:13:15] [INFO] ... Total Dead = 10.15% 
[2023-02-28 16:13:15] [INFO] ... Completed 
[2023-02-28 16:13:15] [INFO] Running: OldestOneOff(0, 0.500) 
[2023-02-28 16:13:27] [INFO] ... Total Infected = 46.80% 
[2023-02-28 16:13:27] [INFO] ... Total Hospitalised = 14.32% 
[2023-02-28 16:13:27] [INFO] ... Total Dead = 8.13% 
[2023-02-28 16:13:27] [INFO] ... Completed 
[2023-02-28 16:13:27] [INFO] Running: OldestOneOff(0, 0.550) 
[2023-02-28 16:13:39] [INFO] ... Total Infected = 41.10% 
[2023-02-28 16:13:39] [INFO] ... Total Hospitalised = 11.76% 
[2023-02-28 16:13:39] [INFO] ... Total Dead = 6.10% 
[2023-02-28 16:13:39] [INFO] ... Completed 
[2023-02-28 16:13:39] [INFO] Running: OldestOneOff(0, 0.600) 
[2023-02-28 16:13:50] [INFO] ... Total Infected = 33.27% 
[2023-02-28 16:13:50] [INFO] ... Total Hospitalised = 9.13% 
[2023-02-28 16:13:50] [INFO] ... Total Dead = 4.48% 
[2023-02-28 16:13:50] [INFO] ... Completed 
[2023-02-28 16:13:50] [INFO] Running: OldestOneOff(0, 0.650) 
[2023-02-28 16:14:02] [INFO] ... Total Infected = 23.43% 
[2023-02-28 16:14:02] [INFO] ... Total Hospitalised = 6.30% 
[2023-02-28 16:14:02] [INFO] ... Total Dead = 3.04% 
[2023-02-28 16:14:02] [INFO] ... Completed 
[2023-02-28 16:14:02] [INFO] Running: OldestOneOff(0, 0.700) 
[2023-02-28 16:14:13] [INFO] ... Total Infected = 10.58% 
[2023-02-28 16:14:13] [INFO] ... Total Hospitalised = 2.83% 
[2023-02-28 16:14:13] [INFO] ... Total Dead = 1.39% 
[2023-02-28 16:14:13] [INFO] ... Completed 
[2023-02-28 16:14:13] [INFO] Running: OldestOneOff(0, 0.750) 
[2023-02-28 16:14:25] [INFO] ... Total Infected = 0.94% 
[2023-02-28 16:14:25] [INFO] ... Total Hospitalised = 0.27% 
[2023-02-28 16:14:25] [INFO] ... Total Dead = 0.15% 
[2023-02-28 16:14:25] [INFO] ... Completed 
[2023-02-28 16:14:25] [INFO] Running: OldestOneOff(0, 0.800) 
[2023-02-28 16:14:36] [INFO] ... Total Infected = 0.04% 
[2023-02-28 16:14:36] [INFO] ... Total Hospitalised = 0.01% 
[2023-02-28 16:14:36] [INFO] ... Total Dead = 0.00% 
[2023-02-28 16:14:36] [INFO] ... Completed 
[2023-02-28 16:14:36] [INFO] Running: OldestOneOff(0, 0.850) 
[2023-02-28 16:14:47] [INFO] ... Total Infected = 0.03% 
[2023-02-28 16:14:47] [INFO] ... Total Hospitalised = 0.01% 
[2023-02-28 16:14:47] [INFO] ... Total Dead = 0.00% 
[2023-02-28 16:14:47] [INFO] ... Completed 
[2023-02-28 16:14:47] [INFO] Running: OldestOneOff(0, 0.900) 
[2023-02-28 16:14:59] [INFO] ... Total Infected = 0.03% 
[2023-02-28 16:14:59] [INFO] ... Total Hospitalised = 0.01% 
[2023-02-28 16:14:59] [INFO] ... Total Dead = 0.00% 
[2023-02-28 16:14:59] [INFO] ... Completed 
[2023-02-28 16:14:59] [INFO] Running: OldestOneOff(0, 0.950) 
[2023-02-28 16:15:11] [INFO] ... Total Infected = 0.03% 
[2023-02-28 16:15:11] [INFO] ... Total Hospitalised = 0.01% 
[2023-02-28 16:15:11] [INFO] ... Total Dead = 0.00% 
[2023-02-28 16:15:11] [INFO] ... Completed 
[2023-02-28 16:15:11] [INFO] Running: OldestOneOff(0, 1.000) 
[2023-02-28 16:15:22] [INFO] ... Total Infected = 0.00% 
[2023-02-28 16:15:22] [INFO] ... Total Hospitalised = 0.00% 
[2023-02-28 16:15:22] [INFO] ... Total Dead = 0.00% 
[2023-02-28 16:15:22] [INFO] ... Completed 
[2023-02-28 16:15:22] [INFO] ### section_3b ### 
[2023-02-28 16:15:22] [INFO] Running: YoungestOneOff(0, 0.000) 
[2023-02-28 16:15:34] [INFO] ... Total Infected = 95.61% 
[2023-02-28 16:15:34] [INFO] ... Total Hospitalised = 44.82% 
[2023-02-28 16:15:34] [INFO] ... Total Dead = 35.87% 
[2023-02-28 16:15:34] [INFO] ... Completed 
[2023-02-28 16:15:34] [INFO] Running: YoungestOneOff(0, 0.050) 
[2023-02-28 16:15:46] [INFO] ... Total Infected = 92.75% 
[2023-02-28 16:15:46] [INFO] ... Total Hospitalised = 44.58% 
[2023-02-28 16:15:46] [INFO] ... Total Dead = 36.33% 
[2023-02-28 16:15:46] [INFO] ... Completed 
[2023-02-28 16:15:46] [INFO] Running: YoungestOneOff(0, 0.100) 
[2023-02-28 16:15:57] [INFO] ... Total Infected = 88.75% 
[2023-02-28 16:15:57] [INFO] ... Total Hospitalised = 43.60% 
[2023-02-28 16:15:57] [INFO] ... Total Dead = 36.17% 
[2023-02-28 16:15:57] [INFO] ... Completed 
[2023-02-28 16:15:57] [INFO] Running: YoungestOneOff(0, 0.150) 
[2023-02-28 16:16:09] [INFO] ... Total Infected = 80.97% 
[2023-02-28 16:16:09] [INFO] ... Total Hospitalised = 41.50% 
[2023-02-28 16:16:09] [INFO] ... Total Dead = 34.82% 
[2023-02-28 16:16:09] [INFO] ... Completed 
[2023-02-28 16:16:09] [INFO] Running: YoungestOneOff(0, 0.200) 
[2023-02-28 16:16:21] [INFO] ... Total Infected = 76.33% 
[2023-02-28 16:16:21] [INFO] ... Total Hospitalised = 41.08% 
[2023-02-28 16:16:21] [INFO] ... Total Dead = 34.76% 
[2023-02-28 16:16:21] [INFO] ... Completed 
[2023-02-28 16:16:21] [INFO] Running: YoungestOneOff(0, 0.250) 
[2023-02-28 16:16:33] [INFO] ... Total Infected = 67.90% 
[2023-02-28 16:16:33] [INFO] ... Total Hospitalised = 38.34% 
[2023-02-28 16:16:33] [INFO] ... Total Dead = 32.78% 
[2023-02-28 16:16:33] [INFO] ... Completed 
[2023-02-28 16:16:33] [INFO] Running: YoungestOneOff(0, 0.300) 
[2023-02-28 16:16:44] [INFO] ... Total Infected = 52.64% 
[2023-02-28 16:16:44] [INFO] ... Total Hospitalised = 31.11% 
[2023-02-28 16:16:44] [INFO] ... Total Dead = 26.94% 
[2023-02-28 16:16:44] [INFO] ... Completed 
[2023-02-28 16:16:44] [INFO] Running: YoungestOneOff(0, 0.350) 
[2023-02-28 16:16:56] [INFO] ... Total Infected = 30.28% 
[2023-02-28 16:16:56] [INFO] ... Total Hospitalised = 18.52% 
[2023-02-28 16:16:56] [INFO] ... Total Dead = 16.23% 
[2023-02-28 16:16:56] [INFO] ... Completed 
[2023-02-28 16:16:56] [INFO] Running: YoungestOneOff(0, 0.400) 
[2023-02-28 16:17:07] [INFO] ... Total Infected = 3.92% 
[2023-02-28 16:17:07] [INFO] ... Total Hospitalised = 2.36% 
[2023-02-28 16:17:07] [INFO] ... Total Dead = 2.06% 
[2023-02-28 16:17:07] [INFO] ... Completed 
[2023-02-28 16:17:07] [INFO] Running: YoungestOneOff(0, 0.450) 
[2023-02-28 16:17:18] [INFO] ... Total Infected = 0.17% 
[2023-02-28 16:17:18] [INFO] ... Total Hospitalised = 0.11% 
[2023-02-28 16:17:18] [INFO] ... Total Dead = 0.10% 
[2023-02-28 16:17:18] [INFO] ... Completed 
[2023-02-28 16:17:18] [INFO] Running: YoungestOneOff(0, 0.500) 
[2023-02-28 16:17:30] [INFO] ... Total Infected = 0.09% 
[2023-02-28 16:17:30] [INFO] ... Total Hospitalised = 0.06% 
[2023-02-28 16:17:30] [INFO] ... Total Dead = 0.05% 
[2023-02-28 16:17:30] [INFO] ... Completed 
[2023-02-28 16:17:30] [INFO] Running: YoungestOneOff(0, 0.550) 
[2023-02-28 16:17:41] [INFO] ... Total Infected = 0.06% 
[2023-02-28 16:17:41] [INFO] ... Total Hospitalised = 0.04% 
[2023-02-28 16:17:41] [INFO] ... Total Dead = 0.04% 
[2023-02-28 16:17:41] [INFO] ... Completed 
[2023-02-28 16:17:41] [INFO] Running: YoungestOneOff(0, 0.600) 
[2023-02-28 16:17:53] [INFO] ... Total Infected = 0.04% 
[2023-02-28 16:17:53] [INFO] ... Total Hospitalised = 0.03% 
[2023-02-28 16:17:53] [INFO] ... Total Dead = 0.03% 
[2023-02-28 16:17:53] [INFO] ... Completed 
[2023-02-28 16:17:53] [INFO] Running: YoungestOneOff(0, 0.650) 
[2023-02-28 16:18:05] [INFO] ... Total Infected = 0.04% 
[2023-02-28 16:18:05] [INFO] ... Total Hospitalised = 0.03% 
[2023-02-28 16:18:05] [INFO] ... Total Dead = 0.03% 
[2023-02-28 16:18:05] [INFO] ... Completed 
[2023-02-28 16:18:05] [INFO] Running: YoungestOneOff(0, 0.700) 
[2023-02-28 16:18:17] [INFO] ... Total Infected = 0.04% 
[2023-02-28 16:18:17] [INFO] ... Total Hospitalised = 0.03% 
[2023-02-28 16:18:17] [INFO] ... Total Dead = 0.03% 
[2023-02-28 16:18:17] [INFO] ... Completed 
[2023-02-28 16:18:17] [INFO] Running: YoungestOneOff(0, 0.750) 
[2023-02-28 16:18:28] [INFO] ... Total Infected = 0.03% 
[2023-02-28 16:18:28] [INFO] ... Total Hospitalised = 0.02% 
[2023-02-28 16:18:28] [INFO] ... Total Dead = 0.02% 
[2023-02-28 16:18:28] [INFO] ... Completed 
[2023-02-28 16:18:28] [INFO] Running: YoungestOneOff(0, 0.800) 
[2023-02-28 16:18:40] [INFO] ... Total Infected = 0.03% 
[2023-02-28 16:18:40] [INFO] ... Total Hospitalised = 0.02% 
[2023-02-28 16:18:40] [INFO] ... Total Dead = 0.02% 
[2023-02-28 16:18:40] [INFO] ... Completed 
[2023-02-28 16:18:40] [INFO] Running: YoungestOneOff(0, 0.850) 
[2023-02-28 16:18:52] [INFO] ... Total Infected = 0.03% 
[2023-02-28 16:18:52] [INFO] ... Total Hospitalised = 0.03% 
[2023-02-28 16:18:52] [INFO] ... Total Dead = 0.02% 
[2023-02-28 16:18:52] [INFO] ... Completed 
[2023-02-28 16:18:52] [INFO] Running: YoungestOneOff(0, 0.900) 
[2023-02-28 16:19:03] [INFO] ... Total Infected = 0.03% 
[2023-02-28 16:19:03] [INFO] ... Total Hospitalised = 0.03% 
[2023-02-28 16:19:03] [INFO] ... Total Dead = 0.02% 
[2023-02-28 16:19:03] [INFO] ... Completed 
[2023-02-28 16:19:03] [INFO] Running: YoungestOneOff(0, 0.950) 
[2023-02-28 16:19:15] [INFO] ... Total Infected = 0.03% 
[2023-02-28 16:19:15] [INFO] ... Total Hospitalised = 0.03% 
[2023-02-28 16:19:15] [INFO] ... Total Dead = 0.02% 
[2023-02-28 16:19:15] [INFO] ... Completed 
[2023-02-28 16:19:15] [INFO] Running: YoungestOneOff(0, 1.000) 
[2023-02-28 16:19:26] [INFO] ... Total Infected = 0.00% 
[2023-02-28 16:19:26] [INFO] ... Total Hospitalised = 0.00% 
[2023-02-28 16:19:26] [INFO] ... Total Dead = 0.00% 
[2023-02-28 16:19:26] [INFO] ... Completed 
