[2023-02-16 16:29:36] [INFO] Running: oneoff_(0, 0.5) 
[2023-02-16 16:29:58] [INFO] ... Total Infected = 22.17% 
[2023-02-16 16:29:58] [INFO] ... Total Hospitalised = 10.67% 
[2023-02-16 16:29:58] [INFO] ... Total Dead = 8.39% 
[2023-02-16 16:29:58] [INFO] ... Completed 
[2023-02-16 16:29:58] [INFO] Running: oneoff_(5, 0.5) 
[2023-02-16 16:30:20] [INFO] ... Total Infected = 26.42% 
[2023-02-16 16:30:20] [INFO] ... Total Hospitalised = 12.70% 
[2023-02-16 16:30:20] [INFO] ... Total Dead = 9.96% 
[2023-02-16 16:30:20] [INFO] ... Completed 
[2023-02-16 16:30:20] [INFO] Running: oneoff_(10, 0.5) 
[2023-02-16 16:30:42] [INFO] ... Total Infected = 31.03% 
[2023-02-16 16:30:42] [INFO] ... Total Hospitalised = 14.92% 
[2023-02-16 16:30:42] [INFO] ... Total Dead = 11.72% 
[2023-02-16 16:30:42] [INFO] ... Completed 
[2023-02-16 16:30:42] [INFO] Running: oneoff_(15, 0.5) 
[2023-02-16 16:31:04] [INFO] ... Total Infected = 35.34% 
[2023-02-16 16:31:04] [INFO] ... Total Hospitalised = 16.91% 
[2023-02-16 16:31:04] [INFO] ... Total Dead = 13.30% 
[2023-02-16 16:31:04] [INFO] ... Completed 
[2023-02-16 16:31:04] [INFO] Running: oneoff_(20, 0.5) 
[2023-02-16 16:31:26] [INFO] ... Total Infected = 42.72% 
[2023-02-16 16:31:26] [INFO] ... Total Hospitalised = 20.37% 
[2023-02-16 16:31:26] [INFO] ... Total Dead = 16.02% 
[2023-02-16 16:31:26] [INFO] ... Completed 
[2023-02-16 16:31:26] [INFO] Running: oneoff_(25, 0.5) 
[2023-02-16 16:31:48] [INFO] ... Total Infected = 50.37% 
[2023-02-16 16:31:48] [INFO] ... Total Hospitalised = 24.02% 
[2023-02-16 16:31:48] [INFO] ... Total Dead = 18.94% 
[2023-02-16 16:31:48] [INFO] ... Completed 
[2023-02-16 16:31:48] [INFO] Running: oneoff_(30, 0.5) 
[2023-02-16 16:32:10] [INFO] ... Total Infected = 57.97% 
[2023-02-16 16:32:10] [INFO] ... Total Hospitalised = 27.72% 
[2023-02-16 16:32:10] [INFO] ... Total Dead = 21.93% 
[2023-02-16 16:32:10] [INFO] ... Completed 
[2023-02-16 16:32:10] [INFO] Running: oneoff_(35, 0.5) 
[2023-02-16 16:32:33] [INFO] ... Total Infected = 65.63% 
[2023-02-16 16:32:33] [INFO] ... Total Hospitalised = 31.46% 
[2023-02-16 16:32:33] [INFO] ... Total Dead = 24.94% 
[2023-02-16 16:32:33] [INFO] ... Completed 
[2023-02-16 16:32:33] [INFO] Running: oneoff_(40, 0.5) 
[2023-02-16 16:32:55] [INFO] ... Total Infected = 66.52% 
[2023-02-16 16:32:55] [INFO] ... Total Hospitalised = 31.91% 
[2023-02-16 16:32:55] [INFO] ... Total Dead = 25.31% 
[2023-02-16 16:32:55] [INFO] ... Completed 
[2023-02-16 16:32:55] [INFO] Running: oneoff_(45, 0.5) 
[2023-02-16 16:33:17] [INFO] ... Total Infected = 69.14% 
[2023-02-16 16:33:17] [INFO] ... Total Hospitalised = 33.25% 
[2023-02-16 16:33:17] [INFO] ... Total Dead = 26.40% 
[2023-02-16 16:33:17] [INFO] ... Completed 
[2023-02-16 16:33:17] [INFO] Running: oneoff_(50, 0.5) 
[2023-02-16 16:33:39] [INFO] ... Total Infected = 70.04% 
[2023-02-16 16:33:39] [INFO] ... Total Hospitalised = 33.70% 
[2023-02-16 16:33:39] [INFO] ... Total Dead = 26.78% 
[2023-02-16 16:33:39] [INFO] ... Completed 
[2023-02-16 16:33:39] [INFO] Running: oneoff_(55, 0.5) 
[2023-02-16 16:34:01] [INFO] ... Total Infected = 70.24% 
[2023-02-16 16:34:01] [INFO] ... Total Hospitalised = 33.87% 
[2023-02-16 16:34:01] [INFO] ... Total Dead = 26.98% 
[2023-02-16 16:34:01] [INFO] ... Completed 
[2023-02-16 16:34:01] [INFO] Running: oneoff_(60, 0.5) 
[2023-02-16 16:34:23] [INFO] ... Total Infected = 74.80% 
[2023-02-16 16:34:23] [INFO] ... Total Hospitalised = 36.11% 
[2023-02-16 16:34:23] [INFO] ... Total Dead = 28.72% 
[2023-02-16 16:34:23] [INFO] ... Completed 
[2023-02-16 16:34:23] [INFO] Running: oneoff_(65, 0.5) 
[2023-02-16 16:34:46] [INFO] ... Total Infected = 74.36% 
[2023-02-16 16:34:46] [INFO] ... Total Hospitalised = 35.89% 
[2023-02-16 16:34:46] [INFO] ... Total Dead = 28.54% 
[2023-02-16 16:34:46] [INFO] ... Completed 
[2023-02-16 16:34:46] [INFO] Running: oneoff_(70, 0.5) 
[2023-02-16 16:35:08] [INFO] ... Total Infected = 75.31% 
[2023-02-16 16:35:08] [INFO] ... Total Hospitalised = 36.37% 
[2023-02-16 16:35:08] [INFO] ... Total Dead = 28.97% 
[2023-02-16 16:35:08] [INFO] ... Completed 
[2023-02-16 16:35:08] [INFO] Running: oneoff_(75, 0.5) 
[2023-02-16 16:35:30] [INFO] ... Total Infected = 72.16% 
[2023-02-16 16:35:30] [INFO] ... Total Hospitalised = 34.86% 
[2023-02-16 16:35:30] [INFO] ... Total Dead = 27.75% 
[2023-02-16 16:35:30] [INFO] ... Completed 
