[2023-02-18 21:06:19] [INFO] Running: oneoff_(0, 0.0) 
[2023-02-18 21:06:48] [INFO] ... Total Infected = 86.96% 
[2023-02-18 21:06:48] [INFO] ... Total Hospitalised = 41.62% 
[2023-02-18 21:06:48] [INFO] ... Total Dead = 33.28% 
[2023-02-18 21:06:48] [INFO] ... Completed 
[2023-02-18 21:06:48] [INFO] Running: oneoff_(0, 0.05) 
[2023-02-18 21:07:12] [INFO] ... Total Infected = 80.71% 
[2023-02-18 21:07:12] [INFO] ... Total Hospitalised = 38.69% 
[2023-02-18 21:07:12] [INFO] ... Total Dead = 30.90% 
[2023-02-18 21:07:12] [INFO] ... Completed 
[2023-02-18 21:07:12] [INFO] Running: oneoff_(0, 0.1) 
[2023-02-18 21:07:37] [INFO] ... Total Infected = 74.30% 
[2023-02-18 21:07:37] [INFO] ... Total Hospitalised = 35.65% 
[2023-02-18 21:07:37] [INFO] ... Total Dead = 28.44% 
[2023-02-18 21:07:37] [INFO] ... Completed 
[2023-02-18 21:07:37] [INFO] Running: oneoff_(0, 0.15000000000000002) 
[2023-02-18 21:08:01] [INFO] ... Total Infected = 67.41% 
[2023-02-18 21:08:01] [INFO] ... Total Hospitalised = 32.43% 
[2023-02-18 21:08:01] [INFO] ... Total Dead = 25.88% 
[2023-02-18 21:08:01] [INFO] ... Completed 
[2023-02-18 21:08:01] [INFO] Running: oneoff_(0, 0.2) 
[2023-02-18 21:08:25] [INFO] ... Total Infected = 61.65% 
[2023-02-18 21:08:25] [INFO] ... Total Hospitalised = 29.70% 
[2023-02-18 21:08:25] [INFO] ... Total Dead = 23.63% 
[2023-02-18 21:08:25] [INFO] ... Completed 
[2023-02-18 21:08:25] [INFO] Running: oneoff_(0, 0.25) 
[2023-02-18 21:08:49] [INFO] ... Total Infected = 53.44% 
[2023-02-18 21:08:49] [INFO] ... Total Hospitalised = 25.75% 
[2023-02-18 21:08:49] [INFO] ... Total Dead = 20.46% 
[2023-02-18 21:08:49] [INFO] ... Completed 
[2023-02-18 21:08:49] [INFO] Running: oneoff_(0, 0.30000000000000004) 
[2023-02-18 21:09:13] [INFO] ... Total Infected = 46.24% 
[2023-02-18 21:09:13] [INFO] ... Total Hospitalised = 22.33% 
[2023-02-18 21:09:13] [INFO] ... Total Dead = 17.73% 
[2023-02-18 21:09:13] [INFO] ... Completed 
[2023-02-18 21:09:13] [INFO] Running: oneoff_(0, 0.35000000000000003) 
[2023-02-18 21:09:37] [INFO] ... Total Infected = 40.80% 
[2023-02-18 21:09:37] [INFO] ... Total Hospitalised = 19.73% 
[2023-02-18 21:09:37] [INFO] ... Total Dead = 15.62% 
[2023-02-18 21:09:37] [INFO] ... Completed 
[2023-02-18 21:09:37] [INFO] Running: oneoff_(0, 0.4) 
[2023-02-18 21:10:02] [INFO] ... Total Infected = 32.27% 
[2023-02-18 21:10:02] [INFO] ... Total Hospitalised = 15.56% 
[2023-02-18 21:10:02] [INFO] ... Total Dead = 12.30% 
[2023-02-18 21:10:02] [INFO] ... Completed 
[2023-02-18 21:10:02] [INFO] Running: oneoff_(0, 0.45) 
[2023-02-18 21:10:27] [INFO] ... Total Infected = 27.22% 
[2023-02-18 21:10:27] [INFO] ... Total Hospitalised = 13.12% 
[2023-02-18 21:10:27] [INFO] ... Total Dead = 10.34% 
[2023-02-18 21:10:27] [INFO] ... Completed 
[2023-02-18 21:10:27] [INFO] Running: oneoff_(0, 0.5) 
[2023-02-18 21:10:53] [INFO] ... Total Infected = 21.96% 
[2023-02-18 21:10:53] [INFO] ... Total Hospitalised = 10.55% 
[2023-02-18 21:10:53] [INFO] ... Total Dead = 8.30% 
[2023-02-18 21:10:53] [INFO] ... Completed 
[2023-02-18 21:10:53] [INFO] Running: oneoff_(0, 0.55) 
[2023-02-18 21:11:21] [INFO] ... Total Infected = 14.90% 
[2023-02-18 21:11:21] [INFO] ... Total Hospitalised = 7.15% 
[2023-02-18 21:11:21] [INFO] ... Total Dead = 5.61% 
[2023-02-18 21:11:21] [INFO] ... Completed 
[2023-02-18 21:11:21] [INFO] Running: oneoff_(0, 0.6000000000000001) 
[2023-02-18 21:11:47] [INFO] ... Total Infected = 10.57% 
[2023-02-18 21:11:47] [INFO] ... Total Hospitalised = 5.06% 
[2023-02-18 21:11:47] [INFO] ... Total Dead = 3.95% 
[2023-02-18 21:11:47] [INFO] ... Completed 
[2023-02-18 21:11:47] [INFO] Running: oneoff_(0, 0.65) 
[2023-02-18 21:12:13] [INFO] ... Total Infected = 6.95% 
[2023-02-18 21:12:13] [INFO] ... Total Hospitalised = 3.32% 
[2023-02-18 21:12:13] [INFO] ... Total Dead = 2.58% 
[2023-02-18 21:12:13] [INFO] ... Completed 
[2023-02-18 21:12:13] [INFO] Running: oneoff_(0, 0.7000000000000001) 
[2023-02-18 21:12:40] [INFO] ... Total Infected = 3.21% 
[2023-02-18 21:12:40] [INFO] ... Total Hospitalised = 1.52% 
[2023-02-18 21:12:40] [INFO] ... Total Dead = 1.18% 
[2023-02-18 21:12:40] [INFO] ... Completed 
[2023-02-18 21:12:40] [INFO] Running: oneoff_(0, 0.75) 
[2023-02-18 21:13:10] [INFO] ... Total Infected = 1.27% 
[2023-02-18 21:13:10] [INFO] ... Total Hospitalised = 0.60% 
[2023-02-18 21:13:10] [INFO] ... Total Dead = 0.46% 
[2023-02-18 21:13:10] [INFO] ... Completed 
[2023-02-18 21:13:10] [INFO] Running: oneoff_(0, 0.8) 
[2023-02-18 21:13:39] [INFO] ... Total Infected = 0.41% 
[2023-02-18 21:13:39] [INFO] ... Total Hospitalised = 0.19% 
[2023-02-18 21:13:39] [INFO] ... Total Dead = 0.15% 
[2023-02-18 21:13:39] [INFO] ... Completed 
[2023-02-18 21:13:39] [INFO] Running: oneoff_(0, 0.8500000000000001) 
[2023-02-18 21:14:09] [INFO] ... Total Infected = 0.11% 
[2023-02-18 21:14:09] [INFO] ... Total Hospitalised = 0.05% 
[2023-02-18 21:14:09] [INFO] ... Total Dead = 0.04% 
[2023-02-18 21:14:09] [INFO] ... Completed 
[2023-02-18 21:14:09] [INFO] Running: oneoff_(0, 0.9) 
[2023-02-18 21:14:41] [INFO] ... Total Infected = 0.06% 
[2023-02-18 21:14:41] [INFO] ... Total Hospitalised = 0.03% 
[2023-02-18 21:14:41] [INFO] ... Total Dead = 0.03% 
[2023-02-18 21:14:41] [INFO] ... Completed 
[2023-02-18 21:14:41] [INFO] Running: oneoff_(0, 0.9500000000000001) 
[2023-02-18 21:15:17] [INFO] ... Total Infected = 0.04% 
[2023-02-18 21:15:17] [INFO] ... Total Hospitalised = 0.02% 
[2023-02-18 21:15:17] [INFO] ... Total Dead = 0.02% 
[2023-02-18 21:15:17] [INFO] ... Completed 
[2023-02-18 21:15:17] [INFO] Running: oneoff_(0, 1.0) 
[2023-02-18 21:16:18] [INFO] ... Total Infected = 0.00% 
[2023-02-18 21:16:18] [INFO] ... Total Hospitalised = 0.00% 
[2023-02-18 21:16:18] [INFO] ... Total Dead = 0.00% 
[2023-02-18 21:16:18] [INFO] ... Completed 
