[2023-02-16 18:08:14] [INFO] Running: oneoff_(0, 0.25) 
[2023-02-16 18:08:35] [INFO] ... Total Infected = 43.01% 
[2023-02-16 18:08:35] [INFO] ... Total Hospitalised = 20.77% 
[2023-02-16 18:08:35] [INFO] ... Total Dead = 16.44% 
[2023-02-16 18:08:35] [INFO] ... Completed 
[2023-02-16 18:08:35] [INFO] Running: oneoff_(5, 0.25) 
[2023-02-16 18:08:58] [INFO] ... Total Infected = 45.35% 
[2023-02-16 18:08:58] [INFO] ... Total Hospitalised = 21.95% 
[2023-02-16 18:08:58] [INFO] ... Total Dead = 17.39% 
[2023-02-16 18:08:58] [INFO] ... Completed 
[2023-02-16 18:08:58] [INFO] Running: oneoff_(10, 0.25) 
[2023-02-16 18:09:19] [INFO] ... Total Infected = 48.26% 
[2023-02-16 18:09:19] [INFO] ... Total Hospitalised = 23.33% 
[2023-02-16 18:09:19] [INFO] ... Total Dead = 18.48% 
[2023-02-16 18:09:19] [INFO] ... Completed 
[2023-02-16 18:09:19] [INFO] Running: oneoff_(15, 0.25) 
[2023-02-16 18:09:40] [INFO] ... Total Infected = 51.88% 
[2023-02-16 18:09:40] [INFO] ... Total Hospitalised = 24.94% 
[2023-02-16 18:09:40] [INFO] ... Total Dead = 19.73% 
[2023-02-16 18:09:40] [INFO] ... Completed 
[2023-02-16 18:09:40] [INFO] Running: oneoff_(20, 0.25) 
[2023-02-16 18:10:01] [INFO] ... Total Infected = 53.36% 
[2023-02-16 18:10:01] [INFO] ... Total Hospitalised = 25.60% 
[2023-02-16 18:10:01] [INFO] ... Total Dead = 20.26% 
[2023-02-16 18:10:01] [INFO] ... Completed 
[2023-02-16 18:10:01] [INFO] Running: oneoff_(25, 0.25) 
[2023-02-16 18:10:23] [INFO] ... Total Infected = 59.00% 
[2023-02-16 18:10:23] [INFO] ... Total Hospitalised = 28.28% 
[2023-02-16 18:10:23] [INFO] ... Total Dead = 22.38% 
[2023-02-16 18:10:23] [INFO] ... Completed 
[2023-02-16 18:10:23] [INFO] Running: oneoff_(30, 0.25) 
[2023-02-16 18:10:45] [INFO] ... Total Infected = 64.21% 
[2023-02-16 18:10:45] [INFO] ... Total Hospitalised = 30.76% 
[2023-02-16 18:10:45] [INFO] ... Total Dead = 24.37% 
[2023-02-16 18:10:45] [INFO] ... Completed 
[2023-02-16 18:10:45] [INFO] Running: oneoff_(35, 0.25) 
[2023-02-16 18:11:05] [INFO] ... Total Infected = 67.98% 
[2023-02-16 18:11:05] [INFO] ... Total Hospitalised = 32.66% 
[2023-02-16 18:11:05] [INFO] ... Total Dead = 25.93% 
[2023-02-16 18:11:05] [INFO] ... Completed 
[2023-02-16 18:11:05] [INFO] Running: oneoff_(40, 0.25) 
[2023-02-16 18:11:27] [INFO] ... Total Infected = 69.11% 
[2023-02-16 18:11:27] [INFO] ... Total Hospitalised = 33.23% 
[2023-02-16 18:11:27] [INFO] ... Total Dead = 26.41% 
[2023-02-16 18:11:27] [INFO] ... Completed 
[2023-02-16 18:11:27] [INFO] Running: oneoff_(45, 0.25) 
[2023-02-16 18:11:49] [INFO] ... Total Infected = 69.87% 
[2023-02-16 18:11:49] [INFO] ... Total Hospitalised = 33.68% 
[2023-02-16 18:11:49] [INFO] ... Total Dead = 26.79% 
[2023-02-16 18:11:49] [INFO] ... Completed 
[2023-02-16 18:11:49] [INFO] Running: oneoff_(50, 0.25) 
[2023-02-16 18:12:15] [INFO] ... Total Infected = 75.26% 
[2023-02-16 18:12:15] [INFO] ... Total Hospitalised = 36.30% 
[2023-02-16 18:12:15] [INFO] ... Total Dead = 28.88% 
[2023-02-16 18:12:15] [INFO] ... Completed 
[2023-02-16 18:12:15] [INFO] Running: oneoff_(55, 0.25) 
[2023-02-16 18:12:36] [INFO] ... Total Infected = 73.68% 
[2023-02-16 18:12:36] [INFO] ... Total Hospitalised = 35.54% 
[2023-02-16 18:12:36] [INFO] ... Total Dead = 28.29% 
[2023-02-16 18:12:36] [INFO] ... Completed 
[2023-02-16 18:12:36] [INFO] Running: oneoff_(60, 0.25) 
[2023-02-16 18:12:58] [INFO] ... Total Infected = 71.26% 
[2023-02-16 18:12:58] [INFO] ... Total Hospitalised = 34.38% 
[2023-02-16 18:12:58] [INFO] ... Total Dead = 27.38% 
[2023-02-16 18:12:58] [INFO] ... Completed 
[2023-02-16 18:12:58] [INFO] Running: oneoff_(65, 0.25) 
[2023-02-16 18:13:19] [INFO] ... Total Infected = 76.46% 
[2023-02-16 18:13:19] [INFO] ... Total Hospitalised = 36.86% 
[2023-02-16 18:13:19] [INFO] ... Total Dead = 29.35% 
[2023-02-16 18:13:19] [INFO] ... Completed 
[2023-02-16 18:13:19] [INFO] Running: oneoff_(70, 0.25) 
[2023-02-16 18:13:45] [INFO] ... Total Infected = 75.53% 
[2023-02-16 18:13:45] [INFO] ... Total Hospitalised = 36.49% 
[2023-02-16 18:13:45] [INFO] ... Total Dead = 29.03% 
[2023-02-16 18:13:45] [INFO] ... Completed 
[2023-02-16 18:13:45] [INFO] Running: oneoff_(75, 0.25) 
[2023-02-16 18:14:08] [INFO] ... Total Infected = 76.01% 
[2023-02-16 18:14:08] [INFO] ... Total Hospitalised = 36.76% 
[2023-02-16 18:14:08] [INFO] ... Total Dead = 29.30% 
[2023-02-16 18:14:08] [INFO] ... Completed 
