[2023-02-23 21:24:09] [INFO] Running: LowestOneOff(0, 0.000) 
[2023-02-23 21:24:42] [INFO] ... Total Infected = 99.55% 
[2023-02-23 21:24:42] [INFO] ... Total Hospitalised = 40.90% 
[2023-02-23 21:24:42] [INFO] ... Total Dead = 31.15% 
[2023-02-23 21:24:42] [INFO] ... Completed 
[2023-02-23 21:24:42] [INFO] Running: LowestOneOff(0, 0.050) 
[2023-02-23 21:25:14] [INFO] ... Total Infected = 95.49% 
[2023-02-23 21:25:14] [INFO] ... Total Hospitalised = 38.52% 
[2023-02-23 21:25:14] [INFO] ... Total Dead = 28.90% 
[2023-02-23 21:25:14] [INFO] ... Completed 
[2023-02-23 21:25:14] [INFO] Running: LowestOneOff(0, 0.100) 
[2023-02-23 21:25:43] [INFO] ... Total Infected = 89.89% 
[2023-02-23 21:25:43] [INFO] ... Total Hospitalised = 35.57% 
[2023-02-23 21:25:43] [INFO] ... Total Dead = 26.29% 
[2023-02-23 21:25:43] [INFO] ... Completed 
[2023-02-23 21:25:43] [INFO] Running: LowestOneOff(0, 0.150) 
[2023-02-23 21:26:14] [INFO] ... Total Infected = 86.06% 
[2023-02-23 21:26:14] [INFO] ... Total Hospitalised = 33.20% 
[2023-02-23 21:26:14] [INFO] ... Total Dead = 24.01% 
[2023-02-23 21:26:14] [INFO] ... Completed 
[2023-02-23 21:26:14] [INFO] Running: LowestOneOff(0, 0.200) 
[2023-02-23 21:26:42] [INFO] ... Total Infected = 80.47% 
[2023-02-23 21:26:42] [INFO] ... Total Hospitalised = 30.27% 
[2023-02-23 21:26:42] [INFO] ... Total Dead = 21.38% 
[2023-02-23 21:26:42] [INFO] ... Completed 
[2023-02-23 21:26:42] [INFO] Running: LowestOneOff(0, 0.250) 
[2023-02-23 21:27:09] [INFO] ... Total Infected = 75.47% 
[2023-02-23 21:27:09] [INFO] ... Total Hospitalised = 27.85% 
[2023-02-23 21:27:09] [INFO] ... Total Dead = 19.25% 
[2023-02-23 21:27:09] [INFO] ... Completed 
[2023-02-23 21:27:09] [INFO] Running: LowestOneOff(0, 0.300) 
[2023-02-23 21:27:37] [INFO] ... Total Infected = 70.23% 
[2023-02-23 21:27:37] [INFO] ... Total Hospitalised = 26.69% 
[2023-02-23 21:27:37] [INFO] ... Total Dead = 18.59% 
[2023-02-23 21:27:37] [INFO] ... Completed 
[2023-02-23 21:27:37] [INFO] Running: LowestOneOff(0, 0.350) 
[2023-02-23 21:28:04] [INFO] ... Total Infected = 64.77% 
[2023-02-23 21:28:04] [INFO] ... Total Hospitalised = 25.45% 
[2023-02-23 21:28:04] [INFO] ... Total Dead = 17.81% 
[2023-02-23 21:28:04] [INFO] ... Completed 
[2023-02-23 21:28:04] [INFO] Running: LowestOneOff(0, 0.400) 
[2023-02-23 21:28:31] [INFO] ... Total Infected = 60.23% 
[2023-02-23 21:28:31] [INFO] ... Total Hospitalised = 24.47% 
[2023-02-23 21:28:31] [INFO] ... Total Dead = 17.23% 
[2023-02-23 21:28:31] [INFO] ... Completed 
[2023-02-23 21:28:31] [INFO] Running: LowestOneOff(0, 0.450) 
[2023-02-23 21:28:58] [INFO] ... Total Infected = 55.46% 
[2023-02-23 21:28:58] [INFO] ... Total Hospitalised = 22.14% 
[2023-02-23 21:28:58] [INFO] ... Total Dead = 15.31% 
[2023-02-23 21:28:58] [INFO] ... Completed 
[2023-02-23 21:28:58] [INFO] Running: LowestOneOff(0, 0.500) 
[2023-02-23 21:29:25] [INFO] ... Total Infected = 50.24% 
[2023-02-23 21:29:25] [INFO] ... Total Hospitalised = 19.68% 
[2023-02-23 21:29:25] [INFO] ... Total Dead = 13.32% 
[2023-02-23 21:29:25] [INFO] ... Completed 
[2023-02-23 21:29:25] [INFO] Running: LowestOneOff(0, 0.550) 
[2023-02-23 21:29:54] [INFO] ... Total Infected = 45.10% 
[2023-02-23 21:29:54] [INFO] ... Total Hospitalised = 17.22% 
[2023-02-23 21:29:54] [INFO] ... Total Dead = 11.31% 
[2023-02-23 21:29:54] [INFO] ... Completed 
[2023-02-23 21:29:54] [INFO] Running: LowestOneOff(0, 0.600) 
[2023-02-23 21:30:22] [INFO] ... Total Infected = 40.31% 
[2023-02-23 21:30:22] [INFO] ... Total Hospitalised = 14.98% 
[2023-02-23 21:30:22] [INFO] ... Total Dead = 9.50% 
[2023-02-23 21:30:22] [INFO] ... Completed 
[2023-02-23 21:30:22] [INFO] Running: LowestOneOff(0, 0.650) 
[2023-02-23 21:30:49] [INFO] ... Total Infected = 35.12% 
[2023-02-23 21:30:49] [INFO] ... Total Hospitalised = 12.70% 
[2023-02-23 21:30:49] [INFO] ... Total Dead = 7.76% 
[2023-02-23 21:30:49] [INFO] ... Completed 
[2023-02-23 21:30:49] [INFO] Running: LowestOneOff(0, 0.700) 
[2023-02-23 21:31:15] [INFO] ... Total Infected = 29.75% 
[2023-02-23 21:31:15] [INFO] ... Total Hospitalised = 10.77% 
[2023-02-23 21:31:15] [INFO] ... Total Dead = 6.57% 
[2023-02-23 21:31:15] [INFO] ... Completed 
[2023-02-23 21:31:15] [INFO] Running: LowestOneOff(0, 0.750) 
[2023-02-23 21:31:43] [INFO] ... Total Infected = 24.75% 
[2023-02-23 21:31:43] [INFO] ... Total Hospitalised = 8.93% 
[2023-02-23 21:31:43] [INFO] ... Total Dead = 5.45% 
[2023-02-23 21:31:43] [INFO] ... Completed 
[2023-02-23 21:31:43] [INFO] Running: LowestOneOff(0, 0.800) 
[2023-02-23 21:32:12] [INFO] ... Total Infected = 19.65% 
[2023-02-23 21:32:12] [INFO] ... Total Hospitalised = 7.11% 
[2023-02-23 21:32:12] [INFO] ... Total Dead = 4.34% 
[2023-02-23 21:32:12] [INFO] ... Completed 
[2023-02-23 21:32:12] [INFO] Running: LowestOneOff(0, 0.850) 
[2023-02-23 21:32:38] [INFO] ... Total Infected = 14.76% 
[2023-02-23 21:32:38] [INFO] ... Total Hospitalised = 5.35% 
[2023-02-23 21:32:38] [INFO] ... Total Dead = 3.26% 
[2023-02-23 21:32:38] [INFO] ... Completed 
[2023-02-23 21:32:38] [INFO] Running: LowestOneOff(0, 0.900) 
[2023-02-23 21:33:06] [INFO] ... Total Infected = 9.82% 
[2023-02-23 21:33:06] [INFO] ... Total Hospitalised = 3.57% 
[2023-02-23 21:33:06] [INFO] ... Total Dead = 2.18% 
[2023-02-23 21:33:06] [INFO] ... Completed 
[2023-02-23 21:33:06] [INFO] Running: LowestOneOff(0, 0.950) 
[2023-02-23 21:33:31] [INFO] ... Total Infected = 0.48% 
[2023-02-23 21:33:31] [INFO] ... Total Hospitalised = 0.19% 
[2023-02-23 21:33:31] [INFO] ... Total Dead = 0.11% 
[2023-02-23 21:33:31] [INFO] ... Completed 
[2023-02-23 21:33:31] [INFO] Running: LowestOneOff(0, 1.000) 
[2023-02-23 21:33:58] [INFO] ... Total Infected = 0.00% 
[2023-02-23 21:33:58] [INFO] ... Total Hospitalised = 0.00% 
[2023-02-23 21:33:58] [INFO] ... Total Dead = 0.00% 
[2023-02-23 21:33:58] [INFO] ... Completed 
